<?xml version="1.0" encoding="UTF-8"?>
<testng-results ignored="4" total="6" passed="0" failed="0" skipped="2">
  <reporter-output>
  </reporter-output>
  <suite started-at="2023-04-19T19:45:20 IST" name="Suite" finished-at="2023-04-19T19:45:21 IST" duration-ms="174">
    <groups>
      <group name="regressiontest">
        <method signature="ProductTest.product()[pri:0, instance:Products.ProductTest@5d7148e2]" name="product" class="Products.ProductTest"/>
      </group> <!-- regressiontest -->
      <group name="smoketest">
        <method signature="CreatOrganizationTest.creatorganization()[pri:0, instance:Organization.CreatOrganizationTest@2f217633]" name="creatorganization" class="Organization.CreatOrganizationTest"/>
        <method signature="ProductTest.product()[pri:0, instance:Products.ProductTest@5d7148e2]" name="product" class="Products.ProductTest"/>
      </group> <!-- smoketest -->
      <group name="sanitytest">
        <method signature="CreatOrganizationTest.creatorganization()[pri:0, instance:Organization.CreatOrganizationTest@2f217633]" name="creatorganization" class="Organization.CreatOrganizationTest"/>
      </group> <!-- sanitytest -->
    </groups>
    <test started-at="2023-04-19T19:45:20 IST" name="Test" finished-at="2023-04-19T19:45:21 IST" duration-ms="174">
      <class name="Organization.CreatOrganizationTest">
        <test-method is-config="true" signature="BS()[pri:0, instance:Organization.CreatOrganizationTest@2f217633]" started-at="2023-04-19T19:45:20 IST" name="BS" finished-at="2023-04-19T19:45:20 IST" duration-ms="18" status="PASS">
          <reporter-output>
          </reporter-output>
        </test-method> <!-- BS -->
        <test-method is-config="true" signature="BT()[pri:0, instance:Organization.CreatOrganizationTest@2f217633]" started-at="2023-04-19T19:45:20 IST" name="BT" finished-at="2023-04-19T19:45:20 IST" duration-ms="2" status="PASS">
          <reporter-output>
          </reporter-output>
        </test-method> <!-- BT -->
        <test-method is-config="true" signature="BC(java.lang.String)[pri:0, instance:Organization.CreatOrganizationTest@2f217633]" started-at="2023-04-19T19:45:20 IST" name="BC" finished-at="1970-01-01T05:30:00 IST" duration-ms="-1681913720867" status="FAIL">
          <exception class="org.testng.TestNGException">
            <message>
              <![CDATA[
Parameter 'Browser' is required by BeforeClass on method BC but has not been marked @Optional or defined
in C:\Users\Admin\eclipse-workspace\SeleniumFramework1\batchtestng.xml]]>
            </message>
            <full-stacktrace>
              <![CDATA[org.testng.TestNGException: 
Parameter 'Browser' is required by BeforeClass on method BC but has not been marked @Optional or defined
in C:\Users\Admin\eclipse-workspace\SeleniumFramework1\batchtestng.xml
at org.testng.internal.Parameters.createParams(Parameters.java:270)
at org.testng.internal.Parameters.createParametersForMethod(Parameters.java:358)
at org.testng.internal.Parameters.createParameters(Parameters.java:700)
at org.testng.internal.Parameters.createConfigurationParameters(Parameters.java:168)
at org.testng.internal.ConfigInvoker.invokeConfigurations(ConfigInvoker.java:302)
at org.testng.internal.TestMethodWorker.invokeBeforeClassMethods(TestMethodWorker.java:176)
at org.testng.internal.TestMethodWorker.run(TestMethodWorker.java:122)
at java.base/java.util.ArrayList.forEach(ArrayList.java:1511)
at org.testng.TestRunner.privateRun(TestRunner.java:794)
at org.testng.TestRunner.run(TestRunner.java:596)
at org.testng.SuiteRunner.runTest(SuiteRunner.java:377)
at org.testng.SuiteRunner.runSequentially(SuiteRunner.java:371)
at org.testng.SuiteRunner.privateRun(SuiteRunner.java:332)
at org.testng.SuiteRunner.run(SuiteRunner.java:276)
at org.testng.SuiteRunnerWorker.runSuite(SuiteRunnerWorker.java:53)
at org.testng.SuiteRunnerWorker.run(SuiteRunnerWorker.java:96)
at org.testng.TestNG.runSuitesSequentially(TestNG.java:1212)
at org.testng.TestNG.runSuitesLocally(TestNG.java:1134)
at org.testng.TestNG.runSuites(TestNG.java:1063)
at org.testng.TestNG.run(TestNG.java:1031)
at org.testng.remote.AbstractRemoteTestNG.run(AbstractRemoteTestNG.java:115)
at org.testng.remote.RemoteTestNG.initAndRun(RemoteTestNG.java:251)
at org.testng.remote.RemoteTestNG.main(RemoteTestNG.java:77)
]]>
            </full-stacktrace>
          </exception> <!-- org.testng.TestNGException -->
          <reporter-output>
          </reporter-output>
        </test-method> <!-- BC -->
        <test-method is-config="true" signature="BM()[pri:0, instance:Organization.CreatOrganizationTest@2f217633]" started-at="2023-04-19T19:45:20 IST" name="BM" finished-at="1970-01-01T05:30:00 IST" duration-ms="-1681913720918" status="SKIP">
          <reporter-output>
          </reporter-output>
        </test-method> <!-- BM -->
        <test-method signature="creatorganization()[pri:0, instance:Organization.CreatOrganizationTest@2f217633]" started-at="2023-04-19T19:45:20 IST" name="creatorganization" finished-at="2023-04-19T19:45:20 IST" duration-ms="0" status="SKIP">
          <exception class="org.testng.TestNGException">
            <message>
              <![CDATA[
Parameter 'Browser' is required by BeforeClass on method BC but has not been marked @Optional or defined
in C:\Users\Admin\eclipse-workspace\SeleniumFramework1\batchtestng.xml]]>
            </message>
            <full-stacktrace>
              <![CDATA[org.testng.TestNGException: 
Parameter 'Browser' is required by BeforeClass on method BC but has not been marked @Optional or defined
in C:\Users\Admin\eclipse-workspace\SeleniumFramework1\batchtestng.xml
at org.testng.internal.Parameters.createParams(Parameters.java:270)
at org.testng.internal.Parameters.createParametersForMethod(Parameters.java:358)
at org.testng.internal.Parameters.createParameters(Parameters.java:700)
at org.testng.internal.Parameters.createConfigurationParameters(Parameters.java:168)
at org.testng.internal.ConfigInvoker.invokeConfigurations(ConfigInvoker.java:302)
at org.testng.internal.TestMethodWorker.invokeBeforeClassMethods(TestMethodWorker.java:176)
at org.testng.internal.TestMethodWorker.run(TestMethodWorker.java:122)
at java.base/java.util.ArrayList.forEach(ArrayList.java:1511)
at org.testng.TestRunner.privateRun(TestRunner.java:794)
at org.testng.TestRunner.run(TestRunner.java:596)
at org.testng.SuiteRunner.runTest(SuiteRunner.java:377)
at org.testng.SuiteRunner.runSequentially(SuiteRunner.java:371)
at org.testng.SuiteRunner.privateRun(SuiteRunner.java:332)
at org.testng.SuiteRunner.run(SuiteRunner.java:276)
at org.testng.SuiteRunnerWorker.runSuite(SuiteRunnerWorker.java:53)
at org.testng.SuiteRunnerWorker.run(SuiteRunnerWorker.java:96)
at org.testng.TestNG.runSuitesSequentially(TestNG.java:1212)
at org.testng.TestNG.runSuitesLocally(TestNG.java:1134)
at org.testng.TestNG.runSuites(TestNG.java:1063)
at org.testng.TestNG.run(TestNG.java:1031)
at org.testng.remote.AbstractRemoteTestNG.run(AbstractRemoteTestNG.java:115)
at org.testng.remote.RemoteTestNG.initAndRun(RemoteTestNG.java:251)
at org.testng.remote.RemoteTestNG.main(RemoteTestNG.java:77)
]]>
            </full-stacktrace>
          </exception> <!-- org.testng.TestNGException -->
          <reporter-output>
          </reporter-output>
        </test-method> <!-- creatorganization -->
        <test-method is-config="true" signature="AM()[pri:0, instance:Organization.CreatOrganizationTest@2f217633]" started-at="2023-04-19T19:45:20 IST" name="AM" finished-at="1970-01-01T05:30:00 IST" duration-ms="-1681913720932" status="SKIP">
          <reporter-output>
          </reporter-output>
        </test-method> <!-- AM -->
        <test-method is-config="true" signature="AC()[pri:0, instance:Organization.CreatOrganizationTest@2f217633]" started-at="2023-04-19T19:45:20 IST" name="AC" finished-at="1970-01-01T05:30:00 IST" duration-ms="-1681913720937" status="SKIP">
          <reporter-output>
          </reporter-output>
        </test-method> <!-- AC -->
        <test-method is-config="true" signature="AT()[pri:0, instance:Organization.CreatOrganizationTest@2f217633]" started-at="2023-04-19T19:45:21 IST" name="AT" finished-at="2023-04-19T19:45:21 IST" duration-ms="5" status="PASS">
          <reporter-output>
          </reporter-output>
        </test-method> <!-- AT -->
        <test-method is-config="true" signature="AS()[pri:0, instance:Organization.CreatOrganizationTest@2f217633]" started-at="2023-04-19T19:45:21 IST" name="AS" finished-at="2023-04-19T19:45:21 IST" duration-ms="3" status="PASS">
          <reporter-output>
          </reporter-output>
        </test-method> <!-- AS -->
      </class> <!-- Organization.CreatOrganizationTest -->
      <class name="Products.ProductTest">
        <test-method is-config="true" signature="BC(java.lang.String)[pri:0, instance:Products.ProductTest@5d7148e2]" started-at="2023-04-19T19:45:20 IST" name="BC" finished-at="1970-01-01T05:30:00 IST" duration-ms="-1681913720953" status="FAIL">
          <exception class="org.testng.TestNGException">
            <message>
              <![CDATA[
Parameter 'Browser' is required by BeforeClass on method BC but has not been marked @Optional or defined
in C:\Users\Admin\eclipse-workspace\SeleniumFramework1\batchtestng.xml]]>
            </message>
            <full-stacktrace>
              <![CDATA[org.testng.TestNGException: 
Parameter 'Browser' is required by BeforeClass on method BC but has not been marked @Optional or defined
in C:\Users\Admin\eclipse-workspace\SeleniumFramework1\batchtestng.xml
at org.testng.internal.Parameters.createParams(Parameters.java:270)
at org.testng.internal.Parameters.createParametersForMethod(Parameters.java:358)
at org.testng.internal.Parameters.createParameters(Parameters.java:700)
at org.testng.internal.Parameters.createConfigurationParameters(Parameters.java:168)
at org.testng.internal.ConfigInvoker.invokeConfigurations(ConfigInvoker.java:302)
at org.testng.internal.TestMethodWorker.invokeBeforeClassMethods(TestMethodWorker.java:176)
at org.testng.internal.TestMethodWorker.run(TestMethodWorker.java:122)
at java.base/java.util.ArrayList.forEach(ArrayList.java:1511)
at org.testng.TestRunner.privateRun(TestRunner.java:794)
at org.testng.TestRunner.run(TestRunner.java:596)
at org.testng.SuiteRunner.runTest(SuiteRunner.java:377)
at org.testng.SuiteRunner.runSequentially(SuiteRunner.java:371)
at org.testng.SuiteRunner.privateRun(SuiteRunner.java:332)
at org.testng.SuiteRunner.run(SuiteRunner.java:276)
at org.testng.SuiteRunnerWorker.runSuite(SuiteRunnerWorker.java:53)
at org.testng.SuiteRunnerWorker.run(SuiteRunnerWorker.java:96)
at org.testng.TestNG.runSuitesSequentially(TestNG.java:1212)
at org.testng.TestNG.runSuitesLocally(TestNG.java:1134)
at org.testng.TestNG.runSuites(TestNG.java:1063)
at org.testng.TestNG.run(TestNG.java:1031)
at org.testng.remote.AbstractRemoteTestNG.run(AbstractRemoteTestNG.java:115)
at org.testng.remote.RemoteTestNG.initAndRun(RemoteTestNG.java:251)
at org.testng.remote.RemoteTestNG.main(RemoteTestNG.java:77)
]]>
            </full-stacktrace>
          </exception> <!-- org.testng.TestNGException -->
          <reporter-output>
          </reporter-output>
        </test-method> <!-- BC -->
        <test-method is-config="true" signature="BM()[pri:0, instance:Products.ProductTest@5d7148e2]" started-at="2023-04-19T19:45:20 IST" name="BM" finished-at="1970-01-01T05:30:00 IST" duration-ms="-1681913720959" status="SKIP">
          <reporter-output>
          </reporter-output>
        </test-method> <!-- BM -->
        <test-method signature="product()[pri:0, instance:Products.ProductTest@5d7148e2]" started-at="2023-04-19T19:45:20 IST" name="product" finished-at="2023-04-19T19:45:20 IST" duration-ms="0" status="SKIP">
          <exception class="org.testng.TestNGException">
            <message>
              <![CDATA[
Parameter 'Browser' is required by BeforeClass on method BC but has not been marked @Optional or defined
in C:\Users\Admin\eclipse-workspace\SeleniumFramework1\batchtestng.xml]]>
            </message>
            <full-stacktrace>
              <![CDATA[org.testng.TestNGException: 
Parameter 'Browser' is required by BeforeClass on method BC but has not been marked @Optional or defined
in C:\Users\Admin\eclipse-workspace\SeleniumFramework1\batchtestng.xml
at org.testng.internal.Parameters.createParams(Parameters.java:270)
at org.testng.internal.Parameters.createParametersForMethod(Parameters.java:358)
at org.testng.internal.Parameters.createParameters(Parameters.java:700)
at org.testng.internal.Parameters.createConfigurationParameters(Parameters.java:168)
at org.testng.internal.ConfigInvoker.invokeConfigurations(ConfigInvoker.java:302)
at org.testng.internal.TestMethodWorker.invokeBeforeClassMethods(TestMethodWorker.java:176)
at org.testng.internal.TestMethodWorker.run(TestMethodWorker.java:122)
at java.base/java.util.ArrayList.forEach(ArrayList.java:1511)
at org.testng.TestRunner.privateRun(TestRunner.java:794)
at org.testng.TestRunner.run(TestRunner.java:596)
at org.testng.SuiteRunner.runTest(SuiteRunner.java:377)
at org.testng.SuiteRunner.runSequentially(SuiteRunner.java:371)
at org.testng.SuiteRunner.privateRun(SuiteRunner.java:332)
at org.testng.SuiteRunner.run(SuiteRunner.java:276)
at org.testng.SuiteRunnerWorker.runSuite(SuiteRunnerWorker.java:53)
at org.testng.SuiteRunnerWorker.run(SuiteRunnerWorker.java:96)
at org.testng.TestNG.runSuitesSequentially(TestNG.java:1212)
at org.testng.TestNG.runSuitesLocally(TestNG.java:1134)
at org.testng.TestNG.runSuites(TestNG.java:1063)
at org.testng.TestNG.run(TestNG.java:1031)
at org.testng.remote.AbstractRemoteTestNG.run(AbstractRemoteTestNG.java:115)
at org.testng.remote.RemoteTestNG.initAndRun(RemoteTestNG.java:251)
at org.testng.remote.RemoteTestNG.main(RemoteTestNG.java:77)
]]>
            </full-stacktrace>
          </exception> <!-- org.testng.TestNGException -->
          <reporter-output>
          </reporter-output>
        </test-method> <!-- product -->
        <test-method is-config="true" signature="AM()[pri:0, instance:Products.ProductTest@5d7148e2]" started-at="2023-04-19T19:45:20 IST" name="AM" finished-at="1970-01-01T05:30:00 IST" duration-ms="-1681913720980" status="SKIP">
          <reporter-output>
          </reporter-output>
        </test-method> <!-- AM -->
        <test-method is-config="true" signature="AC()[pri:0, instance:Products.ProductTest@5d7148e2]" started-at="2023-04-19T19:45:20 IST" name="AC" finished-at="1970-01-01T05:30:00 IST" duration-ms="-1681913720986" status="SKIP">
          <reporter-output>
          </reporter-output>
        </test-method> <!-- AC -->
      </class> <!-- Products.ProductTest -->
    </test> <!-- Test -->
  </suite> <!-- Suite -->
</testng-results>
