<?xml version="1.0" encoding="UTF-8"?>
<!-- Generated by org.testng.reporters.JUnitReportReporter -->
<testsuite hostname="DESKTOP-BK3GICB" failures="0" tests="4" name="Sample.SampleTestNG" time="0.033" errors="0" timestamp="2023-04-06T20:06:13 IST" skipped="0">
  <testcase classname="Sample.SampleTestNG" name="creatcontact" time="0.004"/>
  <system-out/>
  <testcase classname="Sample.SampleTestNG" name="creatcontact" time="0.022"/>
  <system-out/>
  <testcase classname="Sample.SampleTestNG" name="creatcontact" time="0.004"/>
  <system-out/>
  <testcase classname="Sample.SampleTestNG" name="creatcontact" time="0.003"/>
  <system-out/>
</testsuite> <!-- Sample.SampleTestNG -->
