<?xml version="1.0" encoding="UTF-8"?>
<!-- Generated by org.testng.reporters.JUnitReportReporter -->
<testsuite hostname="DESKTOP-BK3GICB" failures="0" tests="3" name="Sample.DataProviderTest" time="0.042" errors="0" timestamp="2023-04-12T20:22:50 IST" skipped="0">
  <testcase classname="Sample.DataProviderTest" name="bookTickets" time="0.023"/>
  <system-out/>
  <testcase classname="Sample.DataProviderTest" name="bookTickets" time="0.008"/>
  <system-out/>
  <testcase classname="Sample.DataProviderTest" name="bookTickets" time="0.011"/>
  <system-out/>
</testsuite> <!-- Sample.DataProviderTest -->
