<?xml version="1.0" encoding="UTF-8"?>
<!-- Generated by org.testng.reporters.JUnitXMLReporter -->
<testsuite ignored="4" hostname="DESKTOP-BK3GICB" failures="0" tests="2" name="Test" time="0.174" errors="0" timestamp="2023-04-19T19:45:21 IST">
  <testcase classname="GenericUtility.BaseClass" name="@BeforeClass BC" time="-1.681913720867E9">
    <failure type="org.testng.TestNGException" message="
Parameter &amp;apos;Browser&amp;apos; is required by BeforeClass on method BC but has not been marked @Optional or defined
in C:\Users\Admin\eclipse-workspace\SeleniumFramework1\batchtestng.xml">
      <![CDATA[org.testng.TestNGException: 
Parameter 'Browser' is required by BeforeClass on method BC but has not been marked @Optional or defined
in C:\Users\Admin\eclipse-workspace\SeleniumFramework1\batchtestng.xml
at java.base/java.util.ArrayList.forEach(ArrayList.java:1511)
... Removed 22 stack frames]]>
    </failure>
  </testcase> <!-- @BeforeClass BC -->
  <testcase classname="GenericUtility.BaseClass" name="@BeforeMethod BM" time="-1.681913720918E9">
    <skipped/>
  </testcase> <!-- @BeforeMethod BM -->
  <testcase classname="GenericUtility.BaseClass" name="@AfterMethod AM" time="-1.681913720932E9">
    <skipped/>
  </testcase> <!-- @AfterMethod AM -->
  <testcase classname="GenericUtility.BaseClass" name="@AfterClass AC" time="-1.681913720937E9">
    <skipped/>
  </testcase> <!-- @AfterClass AC -->
  <testcase classname="GenericUtility.BaseClass" name="@BeforeClass BC" time="-1.681913720953E9">
    <failure type="org.testng.TestNGException" message="
Parameter &amp;apos;Browser&amp;apos; is required by BeforeClass on method BC but has not been marked @Optional or defined
in C:\Users\Admin\eclipse-workspace\SeleniumFramework1\batchtestng.xml">
      <![CDATA[org.testng.TestNGException: 
Parameter 'Browser' is required by BeforeClass on method BC but has not been marked @Optional or defined
in C:\Users\Admin\eclipse-workspace\SeleniumFramework1\batchtestng.xml
at java.base/java.util.ArrayList.forEach(ArrayList.java:1511)
... Removed 22 stack frames]]>
    </failure>
  </testcase> <!-- @BeforeClass BC -->
  <testcase classname="GenericUtility.BaseClass" name="@BeforeMethod BM" time="-1.681913720959E9">
    <skipped/>
  </testcase> <!-- @BeforeMethod BM -->
  <testcase classname="GenericUtility.BaseClass" name="@AfterMethod AM" time="-1.68191372098E9">
    <skipped/>
  </testcase> <!-- @AfterMethod AM -->
  <testcase classname="GenericUtility.BaseClass" name="@AfterClass AC" time="-1.681913720986E9">
    <skipped/>
  </testcase> <!-- @AfterClass AC -->
  <testcase classname="Organization.CreatOrganizationTest" name="creatorganization" time="0.0">
    <skipped/>
  </testcase> <!-- creatorganization -->
  <testcase classname="Products.ProductTest" name="product" time="0.0">
    <skipped/>
  </testcase> <!-- product -->
  <testcase classname="GenericUtility.BaseClass" name="@BeforeTest BT" time="0.0">
    <ignored/>
  </testcase> <!-- @BeforeTest BT -->
  <testcase classname="GenericUtility.BaseClass" name="@AfterSuite AS" time="0.0">
    <ignored/>
  </testcase> <!-- @AfterSuite AS -->
  <testcase classname="GenericUtility.BaseClass" name="@BeforeSuite BS" time="0.0">
    <ignored/>
  </testcase> <!-- @BeforeSuite BS -->
  <testcase classname="GenericUtility.BaseClass" name="@AfterTest AT" time="0.0">
    <ignored/>
  </testcase> <!-- @AfterTest AT -->
</testsuite> <!-- Test -->
