<?xml version="1.0" encoding="UTF-8"?>
<!-- Generated by org.testng.reporters.JUnitXMLReporter -->
<testsuite ignored="0" hostname="DESKTOP-BK3GICB" failures="0" tests="3" name="Default test" time="0.152" errors="0" timestamp="2023-04-12T20:22:50 IST">
  <testcase classname="Sample.DataProviderTest" name="bookTickets" time="0.023"/>
  <testcase classname="Sample.DataProviderTest" name="bookTickets" time="0.008"/>
  <testcase classname="Sample.DataProviderTest" name="bookTickets" time="0.011"/>
</testsuite> <!-- Default test -->
